<?xml version="1.0" encoding="UTF-8"?>
<!-- Generated by org.testng.reporters.JUnitXMLReporter -->
<testsuite ignored="0" hostname="DESKTOP-SEFJLQC" failures="4" tests="9" name="EcommerceSite" time="209.188" errors="0" timestamp="2022-05-07T17:39:46 EDT">
  <testcase classname="MobilePage.Day1_Sort" name="Sort" time="5.926"/>
  <testcase classname="MobilePage.Day2_VerifyEqual" name="VerifyEqual" time="3.899"/>
  <testcase classname="MobilePage.Day3_VerifyCart" name="VerifyCart" time="6.941"/>
  <testcase classname="MobilePage.Day4_WindowHandle" name="testTestCase4" time="6.307"/>
  <testcase classname="MobilePage.Day5_CreateAccount" name="CreateAccount" time="2.499">
    <failure type="java.lang.AssertionError" message="expected [DEFAULT WELCOME MSG!] but found [WELCOME, TEST3 USER3!]">
      <![CDATA[java.lang.AssertionError: expected [DEFAULT WELCOME MSG!] but found [WELCOME, TEST3 USER3!]
at MobilePage.Day5_CreateAccount.CreateAccount(Day5_CreateAccount.java:79)
at java.base/java.util.ArrayList.forEach(ArrayList.java:1511)
... Removed 33 stack frames]]>
    </failure>
  </testcase> <!-- CreateAccount -->
  <testcase classname="MobilePage.Day6_PurchaseProducts" name="PurchaseProducts" time="22.87">
    <failure type="org.openqa.selenium.NoSuchElementException" message="no such element: Unable to locate element: {&amp;quot;method&amp;quot;:&amp;quot;xpath&amp;quot;,&amp;quot;selector&amp;quot;:&amp;quot;//button[@onclick=&amp;apos;addAllWItemsToCart()&amp;apos;]/span&amp;quot;}
  (Session info: chrome=101.0.4951.54)
For documentation on this error, please visit: https://www.seleniumhq.org/exceptions/no_such_element.html
Build info: version: &amp;apos;3.141.59&amp;apos;, revision: &amp;apos;e82be7d358&amp;apos;, time: &amp;apos;2018-11-14T08:17:03&amp;apos;
System info: host: &amp;apos;DESKTOP-SEFJLQC&amp;apos;, ip: &amp;apos;192.168.1.159&amp;apos;, os.name: &amp;apos;Windows 10&amp;apos;, os.arch: &amp;apos;amd64&amp;apos;, os.version: &amp;apos;10.0&amp;apos;, java.version: &amp;apos;17.0.1&amp;apos;
Driver info: org.openqa.selenium.chrome.ChromeDriver
Capabilities {acceptInsecureCerts: false, browserName: chrome, browserVersion: 101.0.4951.54, chrome: {chromedriverVersion: 101.0.4951.41 (93c720db8323..., userDataDir: C:\Users\Ranjith\AppData\Lo...}, goog:chromeOptions: {debuggerAddress: localhost:62205}, javascriptEnabled: true, networkConnectionEnabled: false, pageLoadStrategy: normal, platform: WINDOWS, platformName: WINDOWS, proxy: Proxy(), setWindowRect: true, strictFileInteractability: false, timeouts: {implicit: 0, pageLoad: 300000, script: 30000}, unhandledPromptBehavior: dismiss and notify, webauthn:extension:credBlob: true, webauthn:extension:largeBlob: true, webauthn:virtualAuthenticators: true}
Session ID: 71907b1ec83f4ca03f76717a7244aa1e
*** Element info: {Using=xpath, value=//button[@onclick=&amp;apos;addAllWItemsToCart()&amp;apos;]/span}">
      <![CDATA[org.openqa.selenium.NoSuchElementException: no such element: Unable to locate element: {"method":"xpath","selector":"//button[@onclick='addAllWItemsToCart()']/span"}
  (Session info: chrome=101.0.4951.54)
For documentation on this error, please visit: https://www.seleniumhq.org/exceptions/no_such_element.html
Build info: version: '3.141.59', revision: 'e82be7d358', time: '2018-11-14T08:17:03'
System info: host: 'DESKTOP-SEFJLQC', ip: '192.168.1.159', os.name: 'Windows 10', os.arch: 'amd64', os.version: '10.0', java.version: '17.0.1'
Driver info: org.openqa.selenium.chrome.ChromeDriver
Capabilities {acceptInsecureCerts: false, browserName: chrome, browserVersion: 101.0.4951.54, chrome: {chromedriverVersion: 101.0.4951.41 (93c720db8323..., userDataDir: C:\Users\Ranjith\AppData\Lo...}, goog:chromeOptions: {debuggerAddress: localhost:62205}, javascriptEnabled: true, networkConnectionEnabled: false, pageLoadStrategy: normal, platform: WINDOWS, platformName: WINDOWS, proxy: Proxy(), setWindowRect: true, strictFileInteractability: false, timeouts: {implicit: 0, pageLoad: 300000, script: 30000}, unhandledPromptBehavior: dismiss and notify, webauthn:extension:credBlob: true, webauthn:extension:largeBlob: true, webauthn:virtualAuthenticators: true}
Session ID: 71907b1ec83f4ca03f76717a7244aa1e
*** Element info: {Using=xpath, value=//button[@onclick='addAllWItemsToCart()']/span}
at org.openqa.selenium.remote.http.W3CHttpResponseCodec.createException(W3CHttpResponseCodec.java:187)
at org.openqa.selenium.remote.http.W3CHttpResponseCodec.decode(W3CHttpResponseCodec.java:122)
at org.openqa.selenium.remote.http.W3CHttpResponseCodec.decode(W3CHttpResponseCodec.java:49)
at org.openqa.selenium.remote.HttpCommandExecutor.execute(HttpCommandExecutor.java:158)
at org.openqa.selenium.remote.service.DriverCommandExecutor.execute(DriverCommandExecutor.java:83)
at org.openqa.selenium.remote.RemoteWebDriver.execute(RemoteWebDriver.java:552)
at org.openqa.selenium.remote.RemoteWebDriver.findElement(RemoteWebDriver.java:323)
at org.openqa.selenium.remote.RemoteWebDriver.findElementByXPath(RemoteWebDriver.java:428)
at org.openqa.selenium.By$ByXPath.findElement(By.java:353)
at org.openqa.selenium.remote.RemoteWebDriver.findElement(RemoteWebDriver.java:315)
at MobilePage.Day6_PurchaseProducts.PurchaseProducts(Day6_PurchaseProducts.java:67)
at java.base/java.util.ArrayList.forEach(ArrayList.java:1511)
... Removed 32 stack frames]]>
    </failure>
  </testcase> <!-- PurchaseProducts -->
  <testcase classname="MobilePage.Day7_VerifyOrder" name="VerifyOrder" time="2.924"/>
  <testcase classname="MobilePage.Day8_ReOrder" name="Reorder" time="3.552">
    <failure type="java.lang.AssertionError" message="did not expect [$6,150.00] but found [$6,150.00]">
      <![CDATA[java.lang.AssertionError: did not expect [$6,150.00] but found [$6,150.00]
at MobilePage.Day8_ReOrder.Reorder(Day8_ReOrder.java:59)
at java.base/java.util.ArrayList.forEach(ArrayList.java:1511)
... Removed 32 stack frames]]>
    </failure>
  </testcase> <!-- Reorder -->
  <testcase classname="MobilePage.Day9_Discount" name="DiscountTest" time="2.686">
    <failure type="java.lang.AssertionError" message="expected [500.0] but found [475.0]">
      <![CDATA[java.lang.AssertionError: expected [500.0] but found [475.0]
at MobilePage.Day9_Discount.DiscountTest(Day9_Discount.java:125)
at java.base/java.util.ArrayList.forEach(ArrayList.java:1511)
... Removed 33 stack frames]]>
    </failure>
  </testcase> <!-- DiscountTest -->
</testsuite> <!-- EcommerceSite -->
